Arguments: 
  /usr/local/bin/node /usr/local/Cellar/yarn/1.9.4/libexec/bin/yarn.js add jest-expo --dev

PATH: 
  /usr/local/bin:/usr/bin:/bin:/usr/sbin:/sbin:/usr/local/share/dotnet:/opt/X11/bin:/Library/Frameworks/Mono.framework/Versions/Current/Commands:/Applications/Xamarin Workbooks.app/Contents/SharedSupport/path-bin

Yarn version: 
  1.9.4

Node version: 
  12.14.0

Platform: 
  darwin x64

Trace: 
  Error: https://registry.yarnpkg.com/typescript/-/typescript-3.7.5.tgz: ESOCKETTIMEDOUT
      at ClientRequest.<anonymous> (/usr/local/Cellar/yarn/1.9.4/libexec/lib/cli.js:138095:19)
      at Object.onceWrapper (events.js:299:28)
      at ClientRequest.emit (events.js:210:5)
      at TLSSocket.emitRequestTimeout (_http_client.js:690:9)
      at Object.onceWrapper (events.js:299:28)
      at TLSSocket.emit (events.js:210:5)
      at TLSSocket.Socket._onTimeout (net.js:469:8)
      at listOnTimeout (internal/timers.js:531:17)
      at processTimers (internal/timers.js:475:7)

npm manifest: 
  {
    "main": "node_modules/expo/AppEntry.js",
    "scripts": {
      "start": "expo start",
      "android": "expo start --android",
      "ios": "expo start --ios",
      "web": "expo start --web",
      "eject": "expo eject",
      "apollo:generate": "mkdir -p app/generated && apollo client:codegen --excludes=node_modules/* --includes=**/*.tsx --endpoint http://localhost:3000/graphql --target typescript --tagName=gql --outputFlat app/generated",
      "test": "jest"
    },
    "jest": {
      "preset": "jest-expo",
      "transformIgnorePatterns": [
        "node_modules/(?!(jest-)?react-native|react-clone-referenced-element|@react-native-community|expo(nent)?|@expo(nent)?/.*|react-navigation|@react-navigation/.*|@unimodules/.*|unimodules|sentry-expo|native-base)"
      ]
    },
    "dependencies": {
      "@apollo/react-hooks": "^3.1.3",
      "@azure/storage-blob": "^12.0.0",
      "@types/node": "^12.12.14",
      "@types/react-native-vector-icons": "^6.4.4",
      "@types/yup": "^0.26.26",
      "apollo-boost": "^0.4.4",
      "base-64": "^0.1.0",
      "expo": "^35.0.1",
      "expo-camera": "^7.0.0",
      "expo-crypto": "^7.0.0",
      "expo-file-system": "^7.0.0",
      "expo-image-picker": "^7.0.0",
      "expo-media-library": "^7.0.0",
      "expo-random": "^7.0.0",
      "expo-secure-store": "^7.0.0",
      "expo-web-browser": "~7.0.0",
      "formik": "^2.0.6",
      "graphql": "^14.5.8",
      "graphql-tag": "^2.10.1",
      "jwt-decode": "^2.2.0",
      "lodash": "^4.17.15",
      "prop-types": "^15.7.2",
      "query-string": "^6.9.0",
      "react": "^16.12.0",
      "react-apollo": "^3.1.3",
      "react-dom": "^16.12.0",
      "react-native": "https://github.com/expo/react-native/archive/sdk-35.0.0.tar.gz",
      "react-native-dotenv": "^0.2.0",
      "react-native-elements": "^1.2.7",
      "react-native-gesture-handler": "~1.3.0",
      "react-native-git-upgrade": "^0.2.7",
      "react-native-is-iphonex": "^1.0.1",
      "react-native-maps": "~0.24.0",
      "react-native-modal": "^11.5.3",
      "react-native-modalbox": "latest",
      "react-native-orientation": "^3.1.3",
      "react-native-paper": "^2.16.0",
      "react-native-reanimated": "^1.4.0",
      "react-native-screens": "^1.0.0-alpha.23",
      "react-native-speedometer": "^1.0.3",
      "react-native-svg": "9.9.5",
      "react-native-vector-icons": "^6.6.0",
      "react-native-web": "^0.11.4",
      "react-navigation": "^4.0.10",
      "react-navigation-drawer": "^2.3.3",
      "react-navigation-stack": "^1.10.3",
      "react-navigation-tabs": "^2.6.0",
      "react-number-format": "^4.3.1",
      "recharts": "^2.0.0-beta.1",
      "yup": "^0.27.0"
    },
    "devDependencies": {
      "@types/jest": "^24.9.0",
      "@types/react": "^16.9.13",
      "@types/react-native": "^0.57.65",
      "@types/react-test-renderer": "^16.9.1",
      "babel-plugin-inline-dotenv": "^1.5.0",
      "babel-preset-expo": "^6.0.0",
      "babel-preset-typescript": "^7.0.0-alpha.19",
      "react-test-renderer": "^16.12.0",
      "typescript": "^3.7.5"
    },
    "private": true
  }

yarn manifest: 
  No manifest

Lockfile: 
  No lockfile
